100
112
124
136
148
160
172
184
196
208
220
232
244
256
268
280
292
304
316
328
340
352
364
376
388
400
412
424
436
448
460
472
484
496
508
520
532
544
556
568
580
592
604
616
628
640
652
664
676
688
700
712
724
736
748
760
772
784
796
808
820
832
844
856
868
880
892
904
916
928
940
952
964
976
988
1000
1012
1024
1036
1048
1060
1072
1084
1096
1108
1120
1132
1144
1156
1168
1180
1192
1204
1216
1228
1240
1252
1264
1276
1288
1300
1312
1324
1336
1348
1360
1372
1384
1396
1408
1420
1432
1444
1456
1468
1480
1492
1504
1516
1528
1540
1552
1564
1576
1588
1600
1612
1624
1636
1648
1660
1672
1684
1696
1708
1720
1732
1744
1756
1768
1780
1792
1804
1816
1828
1840
1852
1864
1876
1888
1900
1912
1924
1936
1948
1960
1972
1984
1996
2008
2020
2032
2044
2056
2068
2080
2092
2104
2116
2128
2140
2152
2164
2176
2188
2200
2212
2224
2236
2248
2260
2272
2284
2296
2308
2320
2332
2344
2356
2368
2380
2392
2404
2416
2428
2440
2452
2464
2476
2488
2500
2512
2524
2536
2548
2560
2572
2584
2596
2608
2620
2632
2644
2656
2668
2680
2692
2704
2716
2728
2740
2752
2764
2776
2788
2800
2812
2824
2836
2848
2860
2872
2884
2896
2908
2920
2932
2944
2956
2968
2980
2992
3004
3016
3028
3040
3052
3064
3076
3088
3100
3112
3124
3136
3148
3160
3172
3184
3196
3208
3220
3232
3244
3256
3268
3280
3292
3304
3316
3328
3340
3352
3364
3376
3388
3400
3412
3424
3436
3448
3460
3472
3484
3496
3508
3520
3532
3544
3556
3568
3580
3592
3604
3616
3628
3640
3652
3664
3676
3688
3700
3712
3724
3736
3748
3760
3772
3784
3796
3808
3820
3832
3844
3856
3868
3880
3892
3904
3916
3928
3940
3952
3964
3976
3988
4000
4012
4024
4036
4048
4060
4072
4084
4096
4108
4120
4132
4144
4156
4168
4180
4192
4204
4216
4228
4240
4252
4264
4276
4288
4300
4312
4324
4336
4348
4360
4372
4384
4396
4408
4420
4432
4444
4456
4468
4480
4492
4504
4516
4528
4540
4552
4564
4576
4588
4600
4612
4624
4636
4648
4660
4672
4684
4696
4708
4720
4732
4744
4756
4768
4780
4792
4804
4816
4828
4840
4852
4864
4876
4888
4900
4912
4924
4936
4948
4960
4972
4984
4996
5008
5020
5032
5044
5056
5068
5080
5092
5104
5116
5128
5140
5152
5164
5176
5188
5200
5212
5224
5236
5248
5260
5272
5284
5296
5308
5320
5332
5344
5356
5368
5380
5392
5404
5416
5428
5440
5452
5464
5476
5488
5500
5512
5524
5536
5548
5560
5572
5584
5596
5608
5620
5632
5644
5656
5668
5680
5692
5704
5716
5728
5740
5752
5764
5776
5788
5800
5812
5824
5836
5848
5860
5872
5884
5896
5908
5920
5932
5944
5956
5968
5980
5992
6004
6016
6028
6040
6052
6064
6076
6088
6100
6112
6124
6136
6148
6160
6172
6184
6196
6208
6220
6232
6244
6256
6268
6280
6292
6304
6316
6328
6340
6352
6364
6376
6388
6400
6412
6424
6436
6448
6460
6472
6484
6496
6508
6520
6532
6544
6556
6568
6580
6592
6604
6616
6628
6640
6652
6664
6676
6688
6700
6712
6724
6736
6748
6760
6772
6784
6796
6808
6820
6832
6844
6856
6868
6880
6892
6904
6916
6928
6940
6952
6964
6976
6988
7000
7012
7024
7036
7048
7060
7072
7084
7096
7108
7120
7132
7144
7156
7168
7180
7192
7204
7216
7228
7240
7252
7264
7276
7288
7300
7312
7324
7336
7348
7360
7372
7384
7396
7408
7420
7432
7444
7456
7468
7480
7492
7504
7516
7528
7540
7552
7564
7576
7588
7600
7612
7624
7636
7648
7660
7672
7684
7696
7708
7720
7732
7744
7756
7768
7780
7792
7804
7816
7828
7840
7852
7864
7876
7888
7900
7912
7924
7936
7948
7960
7972
7984
7996
8008
8020
8032
8044
8056
8068
8080
8092
8104
8116
8128
8140
8152
8164
8176
8188
8200
8212
8224
8236
8248
8260
8272
8284
8296
8308
8320
8332
8344
8356
8368
8380
8392
8404
8416
8428
8440
8452
8464
8476
8488
8500
8512
8524
8536
8548
8560
8572
8584
8596
8608
8620
8632
8644
8656
8668
8680
8692
8704
8716
8728
8740
8752
8764
8776
8788
8800
8812
8824
8836
8848
8860
8872
8884
8896
8908
8920
8932
8944
8956
8968
8980
8992
9004
9016
9028
9040
9052
9064
9076
9088
9100
9112
9124
9136
9148
9160
9172
9184
9196
9208
9220
9232
9244
9256
9268
9280
9292
9304
9316
9328
9340
9352
9364
9376
9388
9400
9412
9424
9436
9448
9460
9472
9484
9496
9508
9520
9532
9544
9556
9568
9580
9592
9604
9616
9628
9640
9652
9664
9676
9688
9700
9712
9724
9736
9748
9760
9772
9784
9796
9808
9820
9832
9844
9856
9868
9880
9892
9904
9916
9928
9940
9952
9964
9976
9988
10000
10012
10024
10036
10048
10060
10072
10084
10096
10108
10120
10132
10144
10156
10168
10180
10192
10204
10216
10228
10240
10252
10264
10276
10288
10300
10312
10324
10336
10348
10360
10372
10384
10396
10408
10420
10432
10444
10456
10468
10480
10492
10504
10516
10528
10540
10552
10564
10576
10588
10600
10612
10624
10636
10648
10660
10672
10684
10696
10708
10720
10732
10744
10756
10768
10780
10792
10804
10816
10828
10840
10852
10864
10876
10888
10900
10912
10924
10936
10948
10960
10972
10984
10996
11008
11020
11032
11044
11056
11068
11080
11092
11104
11116
11128
11140
11152
11164
11176
11188
11200
11212
11224
11236
11248
11260
11272
11284
11296
11308
11320
11332
11344
11356
11368
11380
11392
11404
11416
11428
11440
11452
11464
11476
11488
11500
11512
11524
11536
11548
11560
11572
11584
11596
11608
11620
11632
11644
11656
11668
11680
11692
11704
11716
11728
11740
11752
11764
11776
11788
11800
11812
11824
11836
11848
11860
11872
11884
11896
11908
11920
11932
11944
11956
11968
11980
11992
12004
12016
12028
12040
12052
12064
12076
12088
12100
12112
12124
12136
12148
12160
12172
12184
12196
12208
12220
12232
12244
12256
12268
12280
12292
12304
12316
12328
12340
12352
12364
12376
12388
12400
12412
12424
12436
12448
12460
12472
12484
12496
12508
12520
12532
12544
12556
12568
12580
12592
12604
12616
12628
12640
12652
12664
12676
12688
12700
12712
12724
12736
12748
12760
12772
12784
12796
12808
12820
12832
12844
12856
12868
12880
12892
12904
12916
12928
12940
12952
12964
12976
12988
13000
13012
13024
13036
13048
13060
13072
13084
13096
13108
13120
13132
13144
13156
13168
13180
13192
13204
13216
13228
13240
13252
13264
13276
13288
13300
13312
13324
13336
13348
13360
13372
13384
13396
13408
13420
13432
13444
13456
13468
13480
13492
13504
13516
13528
13540
13552
13564
13576
13588
13600
13612
13624
13636
13648
13660
13672
13684
13696
13708
13720
13732
13744
13756
13768
13780
13792
13804
13816
13828
13840
13852
13864
13876
13888
13900
13912
13924
13936
13948
13960
13972
13984
13996
14008
14020
14032
14044
14056
14068
14080
14092
14104
14116
14128
14140
14152
14164
14176
14188
14200
14212
14224
14236
14248
14260
14272
14284
14296
14308
14320
14332
14344
14356
14368
14380
14392
14404
14416
14428
14440
14452
14464
14476
14488
14500
14512
14524
14536
14548
14560
14572
14584
14596
14608
14620
14632
14644
14656
14668
14680
14692
14704
14716
14728
14740
14752
14764
14776
14788
14800
14812
14824
14836
14848
14860
14872
14884
14896
14908
14920
14932
14944
14956
14968
14980
14992
15004
15016
15028
15040
15052
15064
15076
15088
15100
15112
15124
15136
15148
15160
15172
15184
15196
15208
15220
15232
15244
15256
15268
15280
15292
15304
15316
15328
15340
15352
15364
15376
15388
15400
15412
15424
15436
15448
15460
15472
15484
15496
15508
15520
15532
15544
15556
15568
15580
15592
15604
15616
15628
15640
15652
15664
15676
15688
15700
15712
15724
15736
15748
15760
15772
15784
15796
15808
15820
15832
15844
15856
15868
15880
15892
15904
15916
15928
15940
15952
15964
15976
15988
16000
16012
16024
16036
16048
16060
16072
16084
16096
16108
16120
16132
16144
16156
16168
16180
16192
16204
16216
16228
16240
16252
16264
16276
16288
16300
16312
16324
16336
16348
16360
16372
16384
16396
16408
16420
16432
16444
16456
16468
16480
16492
16504
16516
16528
16540
16552
16564
16576
16588
16600
16612
16624
16636
16648
16660
16672
16684
16696
16708
16720
16732
16744
16756
16768
16780
16792
16804
16816
16828
16840
16852
16864
16876
16888
16900
16912
16924
16936
16948
16960
16972
16984
16996
17008
17020
17032
17044
17056
17068
17080
17092
17104
17116
17128
17140
17152
17164
17176
17188
17200
17212
17224
17236
17248
17260
17272
17284
17296
17308
17320
17332
17344
17356
17368
17380
17392
17404
17416
17428
17440
17452
17464
17476
17488
17500
17512
17524
17536
17548
17560
17572
17584
17596
17608
17620
17632
17644
17656
17668
17680
17692
17704
17716
17728
17740
17752
17764
17776
17788
17800
17812
17824
17836
17848
17860
17872
17884
17896
17908
17920
17932
17944
17956
17968
17980
17992
18004
18016
18028
18040
18052
18064
18076
18088
18100
18112
18124
18136
18148
18160
18172
18184
18196
18208
18220
18232
18244
18256
18268
18280
18292
18304
18316
18328
18340
18352
18364
18376
18388
18400
18412
18424
18436
18448
18460
18472
18484
18496
18508
18520
18532
18544
18556
18568
18580
18592
18604
18616
18628
18640
18652
18664
18676
18688
18700
18712
18724
18736
18748
18760
18772
18784
18796
18808
18820
18832
18844
18856
18868
18880
18892
18904
18916
18928
18940
18952
18964
18976
18988
19000
19012
19024
19036
19048
19060
19072
19084
19096
19108
19120
19132
19144
19156
19168
19180
19192
19204
19216
19228
19240
19252
19264
19276
19288
19300
19312
19324
19336
19348
19360
19372
19384
19396
19408
19420
19432
19444
19456
19468
19480
19492
19504
19516
19528
19540
19552
19564
19576
19588
19600
19612
19624
19636
19648
19660
19672
19684
19696
19708
19720
19732
19744
19756
19768
19780
19792
19804
19816
19828
19840
19852
19864
19876
19888
19900
19912
19924
19936
19948
19960
19972
19984
19996
20008
20020
20032
20044
20056
20068
20080
20092
20104
20116
20128
20140
20152
20164
20176
20188
20200
20212
20224
20236
20248
20260
20272
20284
20296
20308
20320
20332
20344
20356
20368
20380
20392
20404
20416
20428
20440
20452
20464
20476
20488
20500
20512
20524
20536
20548
20560
20572
20584
20596
20608
20620
20632
20644
20656
20668
20680
20692
20704
20716
20728
20740
20752
20764
20776
20788
20800
20812
20824
20836
20848
20860
20872
20884
20896
20908
20920
20932
20944
20956
20968
20980
20992
21004
21016
21028
21040
21052
21064
21076
21088
21100
21112
21124
21136
21148
21160
21172
21184
21196
21208
21220
21232
21244
21256
21268
21280
21292
21304
21316
21328
21340
21352
21364
21376
21388
21400
21412
21424
21436
21448
21460
21472
21484
21496
21508
21520
21532
21544
21556
21568
21580
21592
21604
21616
21628
21640
21652
21664
21676
21688
21700
21712
21724
21736
21748
21760
21772
21784
21796
21808
21820
21832
21844
21856
21868
21880
21892
21904
21916
21928
21940
21952
21964
21976
21988
22000
22012
22024
22036
22048
22060
22072
22084
22096
22108
22120
22132
22144
22156
22168
22180
22192
22204
22216
22228
22240
22252
22264
22276
22288
22300
22312
22324
22336
22348
22360
22372
22384
22396
22408
22420
22432
22444
22456
22468
22480
22492
22504
22516
22528
22540
22552
22564
22576
22588
22600
22612
22624
22636
22648
22660
22672
22684
22696
22708
22720
22732
22744
22756
22768
22780
22792
22804
22816
22828
22840
22852
22864
22876
22888
22900
22912
22924
22936
22948
22960
22972
22984
22996
23008
23020
23032
23044
23056
23068
23080
23092
23104
23116
23128
23140
23152
23164
23176
23188
23200
23212
23224
23236
23248
23260
23272
23284
23296
23308
23320
23332
23344
23356
23368
23380
23392
23404
23416
23428
23440
23452
23464
23476
23488
23500
23512
23524
23536
23548
23560
23572
23584
23596
23608
23620
23632
23644
23656
23668
23680
23692
23704
23716
23728
23740
23752
23764
23776
23788
23800
23812
23824
23836
23848
23860
23872
23884
23896
23908
23920
23932
23944
23956
23968
23980
23992
24004
24016
24028
24040
24052
24064
24076
24088
24100
24112
24124
24136
24148
24160
24172
24184
24196
24208
24220
24232
24244
24256
24268
24280
24292
24304
24316
24328
24340
24352
24364
24376
24388
24400
24412
24424
24436
24448
24460
24472
24484
24496
24508
24520
24532
24544
24556
24568
24580
24592
24604
24616
24628
24640
24652
24664
24676
24688
24700
24712
24724
24736
24748
24760
24772
24784
24796
24808
24820
24832
24844
24856
24868
24880
24892
24904
24916
24928
24940
24952
24964
24976
24988
25000
25012
25024
25036
25048
25060
25072
25084
25096
25108
25120
25132
25144
25156
25168
25180
25192
25204
25216
25228
25240
25252
25264
25276
25288
25300
25312
25324
25336
25348
25360
25372
25384
25396
25408
25420
25432
25444
25456
25468
25480
25492
25504
25516
25528
25540
25552
25564
25576
25588
25600
25612
25624
25636
25648
25660
25672
25684
25696
25708
25720
25732
25744
25756
25768
25780
25792
25804
25816
25828
25840
25852
25864
25876
25888
25900
25912
25924
25936
25948
25960
25972
25984
25996
26008
26020
26032
26044
26056
26068
26080
26092
26104
26116
26128
26140
26152
26164
26176
26188
26200
26212
26224
26236
26248
26260
26272
26284
26296
26308
26320
26332
26344
26356
26368
26380
26392
26404
26416
26428
26440
26452
26464
26476
26488
26500
26512
26524
26536
26548
26560
26572
26584
26596
26608
26620
26632
26644
26656
26668
26680
26692
26704
26716
26728
26740
26752
26764
26776
26788
26800
26812
26824
26836
26848
26860
26872
26884
26896
26908
26920
26932
26944
26956
26968
26980
26992
27004
27016
27028
27040
27052
27064
27076
27088
27100
27112
27124
27136
27148
27160
27172
27184
27196
27208
27220
27232
27244
27256
27268
27280
27292
27304
27316
27328
27340
27352
27364
27376
27388
27400
27412
27424
27436
27448
27460
27472
27484
27496
27508
27520
27532
27544
27556
27568
27580
27592
27604
27616
27628
27640
27652
27664
27676
27688
27700
27712
27724
27736
27748
27760
27772
27784
27796
27808
27820
27832
27844
27856
27868
27880
27892
27904
27916
27928
27940
27952
27964
27976
27988
28000
28012
28024
28036
28048
28060
28072
28084
28096
28108
28120
28132
28144
28156
28168
28180
28192
28204
28216
28228
28240
28252
28264
28276
28288
28300
28312
28324
28336
28348
28360
28372
28384
28396
28408
28420
28432
28444
28456
28468
28480
28492
28504
28516
28528
28540
28552
28564
28576
28588
28600
28612
28624
28636
28648
28660
28672
28684
28696
28708
28720
28732
28744
28756
28768
28780
28792
28804
28816
28828
28840
28852
28864
28876
28888
28900
28912
28924
28936
28948
28960
28972
28984
28996
29008
29020
29032
29044
29056
29068
29080
29092
29104
29116
29128
29140
29152
29164
29176
29188
29200
29212
29224
29236
29248
29260
29272
29284
29296
29308
29320
29332
29344
29356
29368
29380
29392
29404
29416
29428
29440
29452
29464
29476
29488
29500
29512
29524
29536
29548
29560
29572
29584
29596
29608
29620
29632
29644
29656
29668
29680
29692
29704
29716
29728
29740
29752
29764
29776
29788
29800
29812
29824
29836
29848
29860
29872
29884
29896
29908
29920
29932
29944
29956
29968
29980
29992
30004
30016
30028
30040
30052
30064
30076
30088
30100
30112
30124
30136
30148
30160
30172
30184
30196
30208
30220
30232
30244
30256
30268
30280
30292
30304
30316
30328
30340
30352
30364
30376
30388
30400
30412
30424
30436
30448
30460
30472
30484
30496
30508
30520
30532
30544
30556
30568
30580
30592
30604
30616
30628
30640
30652
30664
30676
30688
30700
30712
30724
30736
30748
30760
30772
30784
30796
30808
30820
30832
30844
30856
30868
30880
30892
30904
30916
30928
30940
30952
30964
30976
30988
31000
31012
31024
31036
31048
31060
31072
31084
31096
31108
31120
31132
31144
31156
31168
31180
31192
31204
31216
31228
31240
31252
31264
31276
31288
31300
31312
31324
31336
31348
31360
31372
31384
31396
31408
31420
31432
31444
31456
31468
31480
31492
31504
31516
31528
31540
31552
31564
31576
31588
31600
31612
31624
31636
31648
31660
31672
31684
31696
31708
31720
31732
31744
31756
31768
31780
31792
31804
31816
31828
31840
31852
31864
31876
31888
31900
31912
31924
31936
31948
31960
31972
31984
31996
32008
32020
32032
32044
32056
32068
32080
32092
32104
32116
32128
32140
32152
32164
32176
32188
32200
32212
32224
32236
32248
32260
32272
32284
32296
32308
32320
32332
32344
32356
32368
32380
32392
32404
32416
32428
32440
32452
32464
32476
32488
32500
32512
32524
32536
32548
32560
32572
32584
32596
32608
32620
32632
32644
32656
32668
32680
32692
32704
32716
32728
32740
32752
32764
32776
32788
32800
32812
32824
32836
32848
32860
32872
32884
32896
32908
32920
32932
32944
32956
32968
32980
32992
33004
33016
33028
33040
33052
33064
33076
33088
33100
33112
33124
33136
33148
33160
33172
33184
33196
33208
33220
33232
33244
33256
33268
33280
33292
33304
33316
33328
33340
33352
33364
33376
33388
33400
33412
33424
33436
33448
33460
33472
33484
33496
33508
33520
33532
33544
33556
33568
33580
33592
33604
33616
33628
33640
33652
33664
33676
33688
33700
33712
33724
33736
33748
33760
33772
33784
33796
33808
33820
33832
33844
33856
33868
33880
33892
33904
33916
33928
33940
33952
33964
33976
33988
34000
34012
34024
34036
34048
34060
34072
34084
34096
34108
34120
34132
34144
34156
34168
34180
34192
34204
34216
34228
34240
34252
34264
34276
34288
34300
34312
34324
34336
34348
34360
34372
34384
34396
34408
34420
34432
34444
34456
34468
34480
34492
34504
34516
34528
34540
34552
34564
34576
34588
34600
34612
34624
34636
34648
34660
34672
34684
34696
34708
34720
34732
34744
34756
34768
34780
34792
34804
34816
34828
34840
34852
34864
34876
34888
34900
34912
34924
34936
34948
34960
34972
34984
34996
35008
35020
35032
35044
35056
35068
35080
35092
35104
35116
35128
35140
35152
35164
35176
35188
35200
35212
35224
35236
35248
35260
35272
35284
35296
35308
35320
35332
35344
35356
35368
35380
35392
35404
35416
35428
35440
35452
35464
35476
35488
35500
35512
35524
35536
35548
35560
35572
35584
35596
35608
35620
35632
35644
35656
35668
35680
35692
35704
35716
35728
35740
35752
35764
35776
35788
35800
35812
35824
35836
35848
35860
35872
35884
35896
35908
35920
35932
35944
35956
35968
35980
35992
36004
36016
36028
36040
36052
36064
36076
36088
36100
36112
36124
36136
36148
36160
36172
36184
36196
36208
36220
36232
36244
36256
36268
36280
36292
36304
36316
36328
36340
36352
36364
36376
36388
36400
36412
36424
36436
36448
36460
36472
36484
36496
36508
36520
36532
36544
36556
36568
36580
36592
36604
36616
36628
36640
36652
36664
36676
36688
36700
36712
36724
36736
36748
36760
36772
36784
36796
36808
36820
36832
36844
36856
36868
36880
36892
36904
36916
36928
36940
36952
36964
36976
36988
37000
37012
37024
37036
37048
37060
37072
37084
37096
37108
37120
37132
37144
37156
37168
37180
37192
37204
37216
37228
37240
37252
37264
37276
37288
37300
37312
37324
37336
37348
37360
37372
37384
37396
37408
37420
37432
37444
37456
37468
37480
37492
37504
37516
37528
37540
37552
37564
37576
37588
37600
37612
37624
37636
37648
37660
37672
37684
37696
37708
37720
37732
37744
37756
37768
37780
37792
37804
37816
37828
37840
37852
37864
37876
37888
37900
37912
37924
37936
37948
37960
37972
37984
37996
38008
38020
38032
38044
38056
38068
38080
38092
38104
38116
38128
38140
38152
38164
38176
38188
38200
38212
38224
38236
38248
38260
38272
38284
38296
38308
38320
38332
38344
38356
38368
38380
38392
38404
38416
38428
38440
38452
38464
38476
38488
38500
38512
38524
38536
38548
38560
38572
38584
38596
38608
38620
38632
38644
38656
38668
38680
38692
38704
38716
38728
38740
38752
38764
38776
38788
38800
38812
38824
38836
38848
38860
38872
38884
38896
38908
38920
38932
38944
38956
38968
38980
38992
39004
39016
39028
39040
39052
39064
39076
39088
39100
39112
39124
39136
39148
39160
39172
39184
39196
39208
39220
39232
39244
39256
39268
39280
39292
39304
39316
39328
39340
39352
39364
39376
39388
39400
39412
39424
39436
39448
39460
39472
39484
39496
39508
39520
39532
39544
39556
39568
39580
39592
39604
39616
39628
39640
39652
39664
39676
39688
39700
39712
39724
39736
39748
39760
39772
39784
39796
39808
39820
39832
39844
39856
39868
39880
39892
39904
39916
39928
39940
39952
39964
39976
39988
40000
40012
40024
40036
40048
40060
40072
40084
40096
40108
40120
40132
40144
40156
40168
40180
40192
40204
40216
40228
40240
40252
40264
40276
40288
40300
40312
40324
40336
40348
40360
40372
40384
40396
40408
40420
40432
40444
40456
40468
40480
40492
40504
40516
40528
40540
40552
40564
40576
40588
40600
40612
40624
40636
40648
40660
40672
40684
40696
40708
40720
40732
40744
40756
40768
40780
40792
40804
40816
40828
40840
40852
40864
40876
40888
40900
40912
40924
40936
40948
40960
40972
40984
40996
41008
41020
41032
41044
41056
41068
41080
41092
41104
41116
41128
41140
41152
41164
41176
41188
41200
41212
41224
41236
41248
41260
41272
41284
41296
41308
41320
41332
41344
41356
41368
41380
41392
41404
41416
41428
41440
41452
41464
41476
41488
41500
41512
41524
41536
41548
41560
41572
41584
41596
41608
41620
41632
41644
41656
41668
41680
41692
41704
41716
41728
41740
41752
41764
41776
41788
41800
41812
41824
41836
41848
41860
41872
41884
41896
41908
41920
41932
41944
41956
41968
41980
41992
42004
42016
42028
42040
42052
42064
42076
42088
42100
42112
42124
42136
42148
42160
42172
42184
42196
42208
42220
42232
42244
42256
42268
42280
42292
42304
42316
42328
42340
42352
42364
42376
42388
42400
42412
42424
42436
42448
42460
42472
42484
42496
42508
42520
42532
42544
42556
42568
42580
42592
42604
42616
42628
42640
42652
42664
42676
42688
42700
42712
42724
42736
42748
42760
42772
42784
42796
42808
42820
42832
42844
42856
42868
42880
42892
42904
42916
42928
42940
42952
42964
42976
42988
43000
43012
43024
43036
43048
43060
43072
43084
43096
43108
43120
43132
43144
43156
43168
43180
43192
43204
43216
43228
43240
43252
43264
43276
43288
43300
43312
43324
43336
43348
43360
43372
43384
43396
43408
43420
43432
43444
43456
43468
43480
43492
43504
43516
43528
43540
43552
43564
43576
43588
43600
43612
43624
43636
43648
43660
43672
43684
43696
43708
43720
43732
43744
43756
43768
43780
43792
43804
43816
43828
43840
43852
43864
43876
43888
43900
43912
43924
43936
43948
43960
43972
43984
43996
44008
44020
44032
44044
44056
44068
44080
44092
44104
44116
44128
44140
44152
44164
44176
44188
44200
44212
44224
44236
44248
44260
44272
44284
44296
44308
44320
44332
44344
44356
44368
44380
44392
44404
44416
44428
44440
44452
44464
44476
44488
44500
44512
44524
44536
44548
44560
44572
44584
44596
44608
44620
44632
44644
44656
44668
44680
44692
44704
44716
44728
44740
44752
44764
44776
44788
44800
44812
44824
44836
44848
44860
44872
44884
44896
44908
44920
44932
44944
44956
44968
44980
44992
45004
45016
45028
45040
45052
45064
45076
45088
45100
45112
45124
45136
45148
45160
45172
45184
45196
45208
45220
45232
45244
45256
45268
45280
45292
45304
45316
45328
45340
45352
45364
45376
45388
45400
45412
45424
45436
45448
45460
45472
45484
45496
45508
45520
45532
45544
45556
45568
45580
45592
45604
45616
45628
45640
45652
45664
45676
45688
45700
45712
45724
45736
45748
45760
45772
45784
45796
45808
45820
45832
45844
45856
45868
45880
45892
45904
45916
45928
45940
45952
45964
45976
45988
46000
46012
46024
46036
46048
46060
46072
46084
46096
46108
46120
46132
46144
46156
46168
46180
46192
46204
46216
46228
46240
46252
46264
46276
46288
46300
46312
46324
46336
46348
46360
46372
46384
46396
46408
46420
46432
46444
46456
46468
46480
46492
46504
46516
46528
46540
46552
46564
46576
46588
46600
46612
46624
46636
46648
46660
46672
46684
46696
46708
46720
46732
46744
46756
46768
46780
46792
46804
46816
46828
46840
46852
46864
46876
46888
46900
46912
46924
46936
46948
46960
46972
46984
46996
47008
47020
47032
47044
47056
47068
47080
47092
47104
47116
47128
47140
47152
47164
47176
47188
47200
47212
47224
47236
47248
47260
47272
47284
47296
47308
47320
47332
47344
47356
47368
47380
47392
47404
47416
47428
47440
47452
47464
47476
47488
47500
47512
47524
47536
47548
47560
47572
47584
47596
47608
47620
47632
47644
47656
47668
47680
47692
47704
47716
47728
47740
47752
47764
47776
47788
47800
47812
47824
47836
47848
47860
47872
47884
47896
47908
47920
47932
47944
47956
47968
47980
47992
48004
48016
48028
48040
48052
48064
48076
48088
48100
48112
48124
48136
48148
48160
48172
48184
48196
48208
48220
48232
48244
48256
48268
48280
48292
48304
48316
48328
48340
48352
48364
48376
48388
48400
48412
48424
48436
48448
48460
48472
48484
48496
48508
48520
48532
48544
48556
48568
48580
48592
48604
48616
48628
48640
48652
48664
48676
48688
48700
48712
48724
48736
48748
48760
48772
48784
48796
48808
48820
48832
48844
48856
48868
48880
48892
48904
48916
48928
48940
48952
48964
48976
48988
49000
49012
49024
49036
49048
49060
49072
49084
49096
49108
49120
49132
49144
49156
49168
49180
49192
49204
49216
49228
49240
49252
49264
49276
49288
49300
49312
49324
49336
49348
49360
49372
49384
49396
49408
49420
49432
49444
49456
49468
49480
49492
49504
49516
49528
49540
49552
49564
49576
49588
49600
49612
49624
49636
49648
49660
49672
49684
49696
49708
49720
49732
49744
49756
49768
49780
49792
49804
49816
49828
49840
49852
49864
49876
49888
49900
49912
49924
49936
49948
49960
49972
49984
49996
50008
50020
50032
50044
50056
50068
50080
50092
50104
50116
50128
50140
50152
50164
50176
50188
50200
50212
50224
50236
50248
50260
50272
50284
50296
50308
50320
50332
50344
50356
50368
50380
50392
50404
50416
50428
50440
50452
50464
50476
50488
50500
50512
50524
50536
50548
50560
50572
50584
50596
50608
50620
50632
50644
50656
50668
50680
50692
50704
50716
50728
50740
50752
50764
50776
50788
50800
50812
50824
50836
50848
50860
50872
50884
50896
50908
50920
50932
50944
50956
50968
50980
50992
51004
51016
51028
51040
51052
51064
51076
51088
51100
51112
51124
51136
51148
51160
51172
51184
51196
51208
51220
51232
51244
51256
51268
51280
51292
51304
51316
51328
51340
51352
51364
51376
51388
51400
51412
51424
51436
51448
51460
51472
51484
51496
51508
51520
51532
51544
51556
51568
51580
51592
51604
51616
51628
51640
51652
51664
51676
51688
51700
51712
51724
51736
51748
51760
51772
51784
51796
51808
51820
51832
51844
51856
51868
51880
51892
51904
51916
51928
51940
51952
51964
51976
51988
52000
52012
52024
52036
52048
52060
52072
52084
52096
52108
52120
52132
52144
52156
52168
52180
52192
52204
52216
52228
52240
52252
52264
52276
52288
52300
52312
52324
52336
52348
52360
52372
52384
52396
52408
52420
52432
52444
52456
52468
52480
52492
52504
52516
52528
52540
52552
52564
52576
52588
52600
52612
52624
52636
52648
52660
52672
52684
52696
52708
52720
52732
52744
52756
52768
52780
52792
52804
52816
52828
52840
52852
52864
52876
52888
52900
52912
52924
52936
52948
52960
52972
52984
52996
53008
53020
53032
53044
53056
53068
53080
53092
53104
53116
53128
53140
53152
53164
53176
53188
53200
53212
53224
53236
53248
53260
53272
53284
53296
53308
53320
53332
53344
53356
53368
53380
53392
53404
53416
53428
53440
53452
53464
53476
53488
53500
53512
53524
53536
53548
53560
53572
53584
53596
53608
53620
53632
53644
53656
53668
53680
53692
53704
53716
53728
53740
53752
53764
53776
53788
53800
53812
53824
53836
53848
53860
53872
53884
53896
53908
53920
53932
53944
53956
53968
53980
53992
54004
54016
54028
54040
54052
54064
54076
54088
54100
54112
54124
54136
54148
54160
54172
54184
54196
54208
54220
54232
54244
54256
54268
54280
54292
54304
54316
54328
54340
54352
54364
54376
54388
54400
54412
54424
54436
54448
54460
54472
54484
54496
54508
54520
54532
54544
54556
54568
54580
54592
54604
54616
54628
54640
54652
54664
54676
54688
54700
54712
54724
54736
54748
54760
54772
54784
54796
54808
54820
54832
54844
54856
54868
54880
54892
54904
54916
54928
54940
54952
54964
54976
54988
55000
55012
55024
55036
55048
55060
55072
55084
55096
55108
55120
55132
55144
55156
55168
55180
55192
55204
55216
55228
55240
55252
55264
55276
55288
55300
55312
55324
55336
55348
55360
55372
55384
55396
55408
55420
55432
55444
55456
55468
55480
55492
55504
55516
55528
55540
55552
55564
55576
55588
55600
55612
55624
55636
55648
55660
55672
55684
55696
55708
55720
55732
55744
55756
55768
55780
55792
55804
55816
55828
55840
55852
55864
55876
55888
55900
55912
55924
55936
55948
55960
55972
55984
55996
56008
56020
56032
56044
56056
56068
56080
56092
56104
56116
56128
56140
56152
56164
56176
56188
56200
56212
56224
56236
56248
56260
56272
56284
56296
56308
56320
56332
56344
56356
56368
56380
56392
56404
56416
56428
56440
56452
56464
56476
56488
56500
56512
56524
56536
56548
56560
56572
56584
56596
56608
56620
56632
56644
56656
56668
56680
56692
56704
56716
56728
56740
56752
56764
56776
56788
56800
56812
56824
56836
56848
56860
56872
56884
56896
56908
56920
56932
56944
56956
56968
56980
56992
57004
57016
57028
57040
57052
57064
57076
57088
57100
57112
57124
57136
57148
57160
57172
57184
57196
57208
57220
57232
57244
57256
57268
57280
57292
57304
57316
57328
57340
57352
57364
57376
57388
57400
57412
57424
57436
57448
57460
57472
57484
57496
57508
57520
57532
57544
57556
57568
57580
57592
57604
57616
57628
57640
57652
57664
57676
57688
57700
57712
57724
57736
57748
57760
57772
57784
57796
57808
57820
57832
57844
57856
57868
57880
57892
57904
57916
57928
57940
57952
57964
57976
57988
58000
58012
58024
58036
58048
58060
58072
58084
58096
58108
58120
58132
58144
58156
58168
58180
58192
58204
58216
58228
58240
58252
58264
58276
58288
58300
58312
58324
58336
58348
58360
58372
58384
58396
58408
58420
58432
58444
58456
58468
58480
58492
58504
58516
58528
58540
58552
58564
58576
58588
58600
58612
58624
58636
58648
58660
58672
58684
58696
58708
58720
58732
58744
58756
58768
58780
58792
58804
58816
58828
58840
58852
58864
58876
58888
58900
58912
58924
58936
58948
58960
58972
58984
58996
59008
59020
59032
59044
59056
59068
59080
59092
59104
59116
59128
59140
59152
59164
59176
59188
59200
59212
59224
59236
59248
59260
59272
59284
59296
59308
59320
59332
59344
59356
59368
59380
59392
59404
59416
59428
59440
59452
59464
59476
59488
59500
59512
59524
59536
59548
59560
59572
59584
59596
59608
59620
59632
59644
59656
59668
59680
59692
59704
59716
59728
59740
59752
59764
59776
59788
59800
59812
59824
59836
59848
59860
59872
59884
59896
59908
59920
59932
59944
59956
59968
59980
59992
60004
60016
60028
60040
60052
60064
60076
60088
